The target system is: Generic -  - 
The host system is: Linux - 5.13.0-27-generic - x86_64
Compiling the C compiler identification source file "CMakeCCompilerId.c" succeeded.
Compiler: /opt/azurespheresdk/Sysroots/12/tools/sysroots/x86_64-pokysdk-linux/usr/bin/arm-poky-linux-musleabi/arm-poky-linux-musleabi-gcc 
Build flags: 
Id flags: -c 

The output was:
0


Compilation of the C compiler identification source "CMakeCCompilerId.c" produced "CMakeCCompilerId.o"

The C compiler identification is GNU, found in "/home/amaan/xrt-examples-v2/xrt-examples/AzureSphere/out/XRT-Debug/CMakeFiles/3.16.3/CompilerIdC/CMakeCCompilerId.o"

Determining if the C compiler works passed with the following output:
Change Dir: /home/amaan/xrt-examples-v2/xrt-examples/AzureSphere/out/XRT-Debug/CMakeFiles/CMakeTmp

Run Build Command(s):/usr/bin/ninja cmTC_9451a && [1/2] Building C object CMakeFiles/cmTC_9451a.dir/testCCompiler.c.obj
[2/2] Linking C static library libcmTC_9451a.a



Detecting C compiler ABI info compiled with the following output:
Change Dir: /home/amaan/xrt-examples-v2/xrt-examples/AzureSphere/out/XRT-Debug/CMakeFiles/CMakeTmp

Run Build Command(s):/usr/bin/ninja cmTC_26b27 && [1/2] Building C object CMakeFiles/cmTC_26b27.dir/CMakeCCompilerABI.c.obj
Using built-in specs.
COLLECT_GCC=/opt/azurespheresdk/Sysroots/12/tools/sysroots/x86_64-pokysdk-linux/usr/bin/arm-poky-linux-musleabi/arm-poky-linux-musleabi-gcc
Target: arm-poky-linux-musleabi
Configured with: ../../../../../../work-shared/gcc-9.3.0-r0/gcc-9.3.0/configure --build=x86_64-linux --host=x86_64-pokysdk-linux --target=arm-poky-linux-musleabi --prefix=/opt/exp23/3.1.9/sysroots/x86_64-pokysdk-linux/usr --exec_prefix=/opt/exp23/3.1.9/sysroots/x86_64-pokysdk-linux/usr --bindir=/opt/exp23/3.1.9/sysroots/x86_64-pokysdk-linux/usr/bin/arm-poky-linux-musleabi --sbindir=/opt/exp23/3.1.9/sysroots/x86_64-pokysdk-linux/usr/bin/arm-poky-linux-musleabi --libexecdir=/opt/exp23/3.1.9/sysroots/x86_64-pokysdk-linux/usr/libexec/arm-poky-linux-musleabi --datadir=/opt/exp23/3.1.9/sysroots/x86_64-pokysdk-linux/usr/share --sysconfdir=/opt/exp23/3.1.9/sysroots/x86_64-pokysdk-linux/etc --sharedstatedir=/opt/exp23/3.1.9/sysroots/x86_64-pokysdk-linux/com --localstatedir=/opt/exp23/3.1.9/sysroots/x86_64-pokysdk-linux/var --libdir=/opt/exp23/3.1.9/sysroots/x86_64-pokysdk-linux/usr/lib/arm-poky-linux-musleabi --includedir=/opt/exp23/3.1.9/sysroots/x86_64-pokysdk-linux/usr/include --oldincludedir=/opt/exp23/3.1.9/sysroots/x86_64-pokysdk-linux/usr/include --infodir=/opt/exp23/3.1.9/sysroots/x86_64-pokysdk-linux/usr/share/info --mandir=/opt/exp23/3.1.9/sysroots/x86_64-pokysdk-linux/usr/share/man --disable-silent-rules --disable-dependency-tracking --with-libtool-sysroot=/mnt/vss/_work/1/b/out/os-sdk/out/work/x86_64-nativesdk-pokysdk-linux/gcc-cross-canadian-arm/9.3.0-r0/recipe-sysroot --with-gnu-ld --enable-shared --enable-languages=c,c++ --enable-threads=posix --enable-multilib --enable-default-pie --enable-c99 --enable-long-long --enable-symvers=gnu --enable-libstdcxx-pch --program-prefix=arm-poky-linux-musleabi- --without-local-prefix --disable-install-libiberty --enable-lto --disable-libssp --enable-libitm --disable-bootstrap --disable-libmudflap --with-system-zlib --with-linker-hash-style=gnu --enable-linker-build-id --with-ppl=no --with-cloog=no --enable-checking=release --enable-cheaders=c_global --without-isl --with-gxx-include-dir=/not/exist/usr/include/c++/9.3.0 --with-build-time-tools=/mnt/vss/_work/1/b/out/os-sdk/out/work/x86_64-nativesdk-pokysdk-linux/gcc-cross-canadian-arm/9.3.0-r0/recipe-sysroot-native/usr/arm-poky-linux-musleabi/bin --with-sysroot=/not/exist --with-build-sysroot=/mnt/vss/_work/1/b/out/os-sdk/out/work/x86_64-nativesdk-pokysdk-linux/gcc-cross-canadian-arm/9.3.0-r0/recipe-sysroot --enable-poison-system-directories --disable-static --enable-nls --with-glibc-version=2.28 --enable-initfini-array
Thread model: posix
gcc version 9.3.0 (GCC) 
COLLECT_GCC_OPTIONS='--sysroot=/opt/azurespheresdk/Sysroots/12' '-D' '_POSIX_C_SOURCE' '-isystem' '/opt/azurespheresdk/Sysroots/12/usr/include' '-B' '/opt/azurespheresdk/Sysroots/12/tools/sysroots/x86_64-pokysdk-linux/usr/bin/arm-poky-linux-musleabi'  '-mthumb' '-mfpu=neon-vfpv4' '-mfloat-abi=hard' '-mcpu=cortex-a7' '-v' '-std=c11' '-Wstrict-prototypes' '-Wno-pointer-sign' '-fPIC' '-ffunction-sections' '-fdata-sections' '-fno-strict-aliasing' '-fno-omit-frame-pointer' '-fno-exceptions' '-Wall' '-Wswitch' '-Wempty-body' '-Wconversion' '-Wreturn-type' '-Wparentheses' '-Wformat=0' '-Wuninitialized' '-Wunused-function' '-Wunused-value' '-Wunused-variable' '-Werror=implicit-function-declaration' '-fstack-protector-strong' '-o' 'CMakeFiles/cmTC_26b27.dir/CMakeCCompilerABI.c.obj' '-c' '-mtls-dialect=gnu' '-march=armv7ve+simd'
 /opt/azurespheresdk/Sysroots/12/tools/sysroots/x86_64-pokysdk-linux/usr/libexec/arm-poky-linux-musleabi/gcc/arm-poky-linux-musleabi/9.3.0/cc1 -quiet -v -isysroot /opt/azurespheresdk/Sysroots/12 -D _POSIX_C_SOURCE -isystem /opt/azurespheresdk/Sysroots/12/usr/include /usr/share/cmake-3.16/Modules/CMakeCCompilerABI.c -quiet -dumpbase CMakeCCompilerABI.c -mthumb -mfpu=neon-vfpv4 -mfloat-abi=hard -mcpu=cortex-a7 -mtls-dialect=gnu -march=armv7ve+simd -auxbase-strip CMakeFiles/cmTC_26b27.dir/CMakeCCompilerABI.c.obj -Wstrict-prototypes -Wno-pointer-sign -Wall -Wswitch -Wempty-body -Wconversion -Wreturn-type -Wparentheses -Wformat=0 -Wuninitialized -Wunused-function -Wunused-value -Wunused-variable -Werror=implicit-function-declaration -std=c11 -version -fPIC -ffunction-sections -fdata-sections -fno-strict-aliasing -fno-omit-frame-pointer -fno-exceptions -fstack-protector-strong -o /tmp/cccm0TTk.s
GNU C11 (GCC) version 9.3.0 (arm-poky-linux-musleabi)
	compiled by GNU C version 9.3.0, GMP version 6.2.0, MPFR version 4.0.2, MPC version 1.1.0, isl version none
GGC heuristics: --param ggc-min-expand=100 --param ggc-min-heapsize=131072
ignoring nonexistent directory "/opt/azurespheresdk/Sysroots/12/usr/local/include"
ignoring nonexistent directory "/opt/exp23/3.1.9/sysroots/x86_64-pokysdk-linux/usr/arm-poky-linux-musleabi/include"
ignoring duplicate directory "/opt/azurespheresdk/Sysroots/12/usr/include/"
ignoring nonexistent directory "/opt/exp23/3.1.9/sysroots/x86_64-pokysdk-linux/usr/lib/arm-poky-linux-musleabi/gcc/arm-poky-linux-musleabi/9.3.0/include"
ignoring duplicate directory "/opt/azurespheresdk/Sysroots/12/usr/include"
  as it is a non-system directory that duplicates a system directory
ignoring duplicate directory "/opt/azurespheresdk/Sysroots/12/usr/include"
  as it is a non-system directory that duplicates a system directory
ignoring duplicate directory "/opt/azurespheresdk/Sysroots/12/usr/include"
  as it is a non-system directory that duplicates a system directory
ignoring duplicate directory "/opt/azurespheresdk/Sysroots/12/usr/include"
  as it is a non-system directory that duplicates a system directory
#include "..." search starts here:
#include <...> search starts here:
 .
 /opt/azurespheresdk/Sysroots/12/usr/include
End of search list.
GNU C11 (GCC) version 9.3.0 (arm-poky-linux-musleabi)
	compiled by GNU C version 9.3.0, GMP version 6.2.0, MPFR version 4.0.2, MPC version 1.1.0, isl version none
GGC heuristics: --param ggc-min-expand=100 --param ggc-min-heapsize=131072
Compiler executable checksum: 8be3f989d5dd785c4c166d875b96228f
COLLECT_GCC_OPTIONS='--sysroot=/opt/azurespheresdk/Sysroots/12' '-D' '_POSIX_C_SOURCE' '-isystem' '/opt/azurespheresdk/Sysroots/12/usr/include' '-B' '/opt/azurespheresdk/Sysroots/12/tools/sysroots/x86_64-pokysdk-linux/usr/bin/arm-poky-linux-musleabi'  '-mthumb' '-mfpu=neon-vfpv4' '-mfloat-abi=hard' '-mcpu=cortex-a7' '-v' '-std=c11' '-Wstrict-prototypes' '-Wno-pointer-sign' '-fPIC' '-ffunction-sections' '-fdata-sections' '-fno-strict-aliasing' '-fno-omit-frame-pointer' '-fno-exceptions' '-Wall' '-Wswitch' '-Wempty-body' '-Wconversion' '-Wreturn-type' '-Wparentheses' '-Wformat=0' '-Wuninitialized' '-Wunused-function' '-Wunused-value' '-Wunused-variable' '-Werror=implicit-function-declaration' '-fstack-protector-strong' '-o' 'CMakeFiles/cmTC_26b27.dir/CMakeCCompilerABI.c.obj' '-c' '-mtls-dialect=gnu' '-march=armv7ve+simd'
 /opt/azurespheresdk/Sysroots/12/tools/sysroots/x86_64-pokysdk-linux/usr/libexec/arm-poky-linux-musleabi/gcc/arm-poky-linux-musleabi/9.3.0/as -v -march=armv7ve -mfloat-abi=hard -mfpu=neon-vfpv4 -meabi=5 -o CMakeFiles/cmTC_26b27.dir/CMakeCCompilerABI.c.obj /tmp/cccm0TTk.s
GNU assembler version 2.34.0 (arm-poky-linux-musleabi) using BFD version (GNU Binutils) 2.34.0.20200220
COMPILER_PATH=/opt/azurespheresdk/Sysroots/12/tools/sysroots/x86_64-pokysdk-linux/usr/bin/arm-poky-linux-musleabi/:/opt/azurespheresdk/Sysroots/12/tools/sysroots/x86_64-pokysdk-linux/usr/libexec/arm-poky-linux-musleabi/gcc/arm-poky-linux-musleabi/9.3.0/:/opt/azurespheresdk/Sysroots/12/tools/sysroots/x86_64-pokysdk-linux/usr/libexec/arm-poky-linux-musleabi/gcc/arm-poky-linux-musleabi/9.3.0/:/opt/azurespheresdk/Sysroots/12/tools/sysroots/x86_64-pokysdk-linux/usr/libexec/arm-poky-linux-musleabi/gcc/arm-poky-linux-musleabi/:/opt/azurespheresdk/Sysroots/12/tools/sysroots/x86_64-pokysdk-linux/usr/lib/arm-poky-linux-musleabi/gcc/arm-poky-linux-musleabi/9.3.0/:/opt/azurespheresdk/Sysroots/12/tools/sysroots/x86_64-pokysdk-linux/usr/lib/arm-poky-linux-musleabi/gcc/arm-poky-linux-musleabi/
LIBRARY_PATH=/opt/azurespheresdk/Sysroots/12/tools/sysroots/x86_64-pokysdk-linux/usr/bin/arm-poky-linux-musleabi/:/opt/azurespheresdk/Sysroots/12/tools/sysroots/x86_64-pokysdk-linux/usr/lib/arm-poky-linux-musleabi/gcc/arm-poky-linux-musleabi/9.3.0/:/opt/azurespheresdk/Sysroots/12/lib/:/opt/azurespheresdk/Sysroots/12/usr/lib/arm-poky-linux-musleabi/9.3.0/:/opt/azurespheresdk/Sysroots/12/usr/lib/
COLLECT_GCC_OPTIONS='--sysroot=/opt/azurespheresdk/Sysroots/12' '-D' '_POSIX_C_SOURCE' '-isystem' '/opt/azurespheresdk/Sysroots/12/usr/include' '-B' '/opt/azurespheresdk/Sysroots/12/tools/sysroots/x86_64-pokysdk-linux/usr/bin/arm-poky-linux-musleabi'  '-mthumb' '-mfpu=neon-vfpv4' '-mfloat-abi=hard' '-mcpu=cortex-a7' '-v' '-std=c11' '-Wstrict-prototypes' '-Wno-pointer-sign' '-fPIC' '-ffunction-sections' '-fdata-sections' '-fno-strict-aliasing' '-fno-omit-frame-pointer' '-fno-exceptions' '-Wall' '-Wswitch' '-Wempty-body' '-Wconversion' '-Wreturn-type' '-Wparentheses' '-Wformat=0' '-Wuninitialized' '-Wunused-function' '-Wunused-value' '-Wunused-variable' '-Werror=implicit-function-declaration' '-fstack-protector-strong' '-o' 'CMakeFiles/cmTC_26b27.dir/CMakeCCompilerABI.c.obj' '-c' '-mtls-dialect=gnu' '-march=armv7ve+simd'
[2/2] Linking C static library libcmTC_26b27.a



Parsed C implicit include dir info from above output: rv=done
  found start of include info
  found start of implicit include info
    add: [.]
    add: [/opt/azurespheresdk/Sysroots/12/usr/include]
  end of search list found
  skipping relative include dir [.]
  collapse include dir [/opt/azurespheresdk/Sysroots/12/usr/include] ==> [/opt/azurespheresdk/Sysroots/12/usr/include]
  implicit include dirs: [/opt/azurespheresdk/Sysroots/12/usr/include]


Parsed C implicit link information from above output:
  link line regex: [^( *|.*[/\])(arm-poky-linux-musleabi-ld|CMAKE_LINK_STARTFILE-NOTFOUND|([^/\]+-)?ld|collect2)[^/\]*( |$)]
  ignore line: [Change Dir: /home/amaan/xrt-examples-v2/xrt-examples/AzureSphere/out/XRT-Debug/CMakeFiles/CMakeTmp]
  ignore line: []
  ignore line: [Run Build Command(s):/usr/bin/ninja cmTC_26b27 && [1/2] Building C object CMakeFiles/cmTC_26b27.dir/CMakeCCompilerABI.c.obj]
  ignore line: [Using built-in specs.]
  ignore line: [COLLECT_GCC=/opt/azurespheresdk/Sysroots/12/tools/sysroots/x86_64-pokysdk-linux/usr/bin/arm-poky-linux-musleabi/arm-poky-linux-musleabi-gcc]
  ignore line: [Target: arm-poky-linux-musleabi]
  ignore line: [Configured with: ../../../../../../work-shared/gcc-9.3.0-r0/gcc-9.3.0/configure --build=x86_64-linux --host=x86_64-pokysdk-linux --target=arm-poky-linux-musleabi --prefix=/opt/exp23/3.1.9/sysroots/x86_64-pokysdk-linux/usr --exec_prefix=/opt/exp23/3.1.9/sysroots/x86_64-pokysdk-linux/usr --bindir=/opt/exp23/3.1.9/sysroots/x86_64-pokysdk-linux/usr/bin/arm-poky-linux-musleabi --sbindir=/opt/exp23/3.1.9/sysroots/x86_64-pokysdk-linux/usr/bin/arm-poky-linux-musleabi --libexecdir=/opt/exp23/3.1.9/sysroots/x86_64-pokysdk-linux/usr/libexec/arm-poky-linux-musleabi --datadir=/opt/exp23/3.1.9/sysroots/x86_64-pokysdk-linux/usr/share --sysconfdir=/opt/exp23/3.1.9/sysroots/x86_64-pokysdk-linux/etc --sharedstatedir=/opt/exp23/3.1.9/sysroots/x86_64-pokysdk-linux/com --localstatedir=/opt/exp23/3.1.9/sysroots/x86_64-pokysdk-linux/var --libdir=/opt/exp23/3.1.9/sysroots/x86_64-pokysdk-linux/usr/lib/arm-poky-linux-musleabi --includedir=/opt/exp23/3.1.9/sysroots/x86_64-pokysdk-linux/usr/include --oldincludedir=/opt/exp23/3.1.9/sysroots/x86_64-pokysdk-linux/usr/include --infodir=/opt/exp23/3.1.9/sysroots/x86_64-pokysdk-linux/usr/share/info --mandir=/opt/exp23/3.1.9/sysroots/x86_64-pokysdk-linux/usr/share/man --disable-silent-rules --disable-dependency-tracking --with-libtool-sysroot=/mnt/vss/_work/1/b/out/os-sdk/out/work/x86_64-nativesdk-pokysdk-linux/gcc-cross-canadian-arm/9.3.0-r0/recipe-sysroot --with-gnu-ld --enable-shared --enable-languages=c,c++ --enable-threads=posix --enable-multilib --enable-default-pie --enable-c99 --enable-long-long --enable-symvers=gnu --enable-libstdcxx-pch --program-prefix=arm-poky-linux-musleabi- --without-local-prefix --disable-install-libiberty --enable-lto --disable-libssp --enable-libitm --disable-bootstrap --disable-libmudflap --with-system-zlib --with-linker-hash-style=gnu --enable-linker-build-id --with-ppl=no --with-cloog=no --enable-checking=release --enable-cheaders=c_global --without-isl --with-gxx-include-dir=/not/exist/usr/include/c++/9.3.0 --with-build-time-tools=/mnt/vss/_work/1/b/out/os-sdk/out/work/x86_64-nativesdk-pokysdk-linux/gcc-cross-canadian-arm/9.3.0-r0/recipe-sysroot-native/usr/arm-poky-linux-musleabi/bin --with-sysroot=/not/exist --with-build-sysroot=/mnt/vss/_work/1/b/out/os-sdk/out/work/x86_64-nativesdk-pokysdk-linux/gcc-cross-canadian-arm/9.3.0-r0/recipe-sysroot --enable-poison-system-directories --disable-static --enable-nls --with-glibc-version=2.28 --enable-initfini-array]
  ignore line: [Thread model: posix]
  ignore line: [gcc version 9.3.0 (GCC) ]
  ignore line: [COLLECT_GCC_OPTIONS='--sysroot=/opt/azurespheresdk/Sysroots/12' '-D' '_POSIX_C_SOURCE' '-isystem' '/opt/azurespheresdk/Sysroots/12/usr/include' '-B' '/opt/azurespheresdk/Sysroots/12/tools/sysroots/x86_64-pokysdk-linux/usr/bin/arm-poky-linux-musleabi'  '-mthumb' '-mfpu=neon-vfpv4' '-mfloat-abi=hard' '-mcpu=cortex-a7' '-v' '-std=c11' '-Wstrict-prototypes' '-Wno-pointer-sign' '-fPIC' '-ffunction-sections' '-fdata-sections' '-fno-strict-aliasing' '-fno-omit-frame-pointer' '-fno-exceptions' '-Wall' '-Wswitch' '-Wempty-body' '-Wconversion' '-Wreturn-type' '-Wparentheses' '-Wformat=0' '-Wuninitialized' '-Wunused-function' '-Wunused-value' '-Wunused-variable' '-Werror=implicit-function-declaration' '-fstack-protector-strong' '-o' 'CMakeFiles/cmTC_26b27.dir/CMakeCCompilerABI.c.obj' '-c' '-mtls-dialect=gnu' '-march=armv7ve+simd']
  ignore line: [ /opt/azurespheresdk/Sysroots/12/tools/sysroots/x86_64-pokysdk-linux/usr/libexec/arm-poky-linux-musleabi/gcc/arm-poky-linux-musleabi/9.3.0/cc1 -quiet -v -isysroot /opt/azurespheresdk/Sysroots/12 -D _POSIX_C_SOURCE -isystem /opt/azurespheresdk/Sysroots/12/usr/include /usr/share/cmake-3.16/Modules/CMakeCCompilerABI.c -quiet -dumpbase CMakeCCompilerABI.c -mthumb -mfpu=neon-vfpv4 -mfloat-abi=hard -mcpu=cortex-a7 -mtls-dialect=gnu -march=armv7ve+simd -auxbase-strip CMakeFiles/cmTC_26b27.dir/CMakeCCompilerABI.c.obj -Wstrict-prototypes -Wno-pointer-sign -Wall -Wswitch -Wempty-body -Wconversion -Wreturn-type -Wparentheses -Wformat=0 -Wuninitialized -Wunused-function -Wunused-value -Wunused-variable -Werror=implicit-function-declaration -std=c11 -version -fPIC -ffunction-sections -fdata-sections -fno-strict-aliasing -fno-omit-frame-pointer -fno-exceptions -fstack-protector-strong -o /tmp/cccm0TTk.s]
  ignore line: [GNU C11 (GCC) version 9.3.0 (arm-poky-linux-musleabi)]
  ignore line: [	compiled by GNU C version 9.3.0  GMP version 6.2.0  MPFR version 4.0.2  MPC version 1.1.0  isl version none]
  ignore line: [GGC heuristics: --param ggc-min-expand=100 --param ggc-min-heapsize=131072]
  ignore line: [ignoring nonexistent directory "/opt/azurespheresdk/Sysroots/12/usr/local/include"]
  ignore line: [ignoring nonexistent directory "/opt/exp23/3.1.9/sysroots/x86_64-pokysdk-linux/usr/arm-poky-linux-musleabi/include"]
  ignore line: [ignoring duplicate directory "/opt/azurespheresdk/Sysroots/12/usr/include/"]
  ignore line: [ignoring nonexistent directory "/opt/exp23/3.1.9/sysroots/x86_64-pokysdk-linux/usr/lib/arm-poky-linux-musleabi/gcc/arm-poky-linux-musleabi/9.3.0/include"]
  ignore line: [ignoring duplicate directory "/opt/azurespheresdk/Sysroots/12/usr/include"]
  ignore line: [  as it is a non-system directory that duplicates a system directory]
  ignore line: [ignoring duplicate directory "/opt/azurespheresdk/Sysroots/12/usr/include"]
  ignore line: [  as it is a non-system directory that duplicates a system directory]
  ignore line: [ignoring duplicate directory "/opt/azurespheresdk/Sysroots/12/usr/include"]
  ignore line: [  as it is a non-system directory that duplicates a system directory]
  ignore line: [ignoring duplicate directory "/opt/azurespheresdk/Sysroots/12/usr/include"]
  ignore line: [  as it is a non-system directory that duplicates a system directory]
  ignore line: [#include "..." search starts here:]
  ignore line: [#include <...> search starts here:]
  ignore line: [ .]
  ignore line: [ /opt/azurespheresdk/Sysroots/12/usr/include]
  ignore line: [End of search list.]
  ignore line: [GNU C11 (GCC) version 9.3.0 (arm-poky-linux-musleabi)]
  ignore line: [	compiled by GNU C version 9.3.0  GMP version 6.2.0  MPFR version 4.0.2  MPC version 1.1.0  isl version none]
  ignore line: [GGC heuristics: --param ggc-min-expand=100 --param ggc-min-heapsize=131072]
  ignore line: [Compiler executable checksum: 8be3f989d5dd785c4c166d875b96228f]
  ignore line: [COLLECT_GCC_OPTIONS='--sysroot=/opt/azurespheresdk/Sysroots/12' '-D' '_POSIX_C_SOURCE' '-isystem' '/opt/azurespheresdk/Sysroots/12/usr/include' '-B' '/opt/azurespheresdk/Sysroots/12/tools/sysroots/x86_64-pokysdk-linux/usr/bin/arm-poky-linux-musleabi'  '-mthumb' '-mfpu=neon-vfpv4' '-mfloat-abi=hard' '-mcpu=cortex-a7' '-v' '-std=c11' '-Wstrict-prototypes' '-Wno-pointer-sign' '-fPIC' '-ffunction-sections' '-fdata-sections' '-fno-strict-aliasing' '-fno-omit-frame-pointer' '-fno-exceptions' '-Wall' '-Wswitch' '-Wempty-body' '-Wconversion' '-Wreturn-type' '-Wparentheses' '-Wformat=0' '-Wuninitialized' '-Wunused-function' '-Wunused-value' '-Wunused-variable' '-Werror=implicit-function-declaration' '-fstack-protector-strong' '-o' 'CMakeFiles/cmTC_26b27.dir/CMakeCCompilerABI.c.obj' '-c' '-mtls-dialect=gnu' '-march=armv7ve+simd']
  ignore line: [ /opt/azurespheresdk/Sysroots/12/tools/sysroots/x86_64-pokysdk-linux/usr/libexec/arm-poky-linux-musleabi/gcc/arm-poky-linux-musleabi/9.3.0/as -v -march=armv7ve -mfloat-abi=hard -mfpu=neon-vfpv4 -meabi=5 -o CMakeFiles/cmTC_26b27.dir/CMakeCCompilerABI.c.obj /tmp/cccm0TTk.s]
  ignore line: [GNU assembler version 2.34.0 (arm-poky-linux-musleabi) using BFD version (GNU Binutils) 2.34.0.20200220]
  ignore line: [COMPILER_PATH=/opt/azurespheresdk/Sysroots/12/tools/sysroots/x86_64-pokysdk-linux/usr/bin/arm-poky-linux-musleabi/:/opt/azurespheresdk/Sysroots/12/tools/sysroots/x86_64-pokysdk-linux/usr/libexec/arm-poky-linux-musleabi/gcc/arm-poky-linux-musleabi/9.3.0/:/opt/azurespheresdk/Sysroots/12/tools/sysroots/x86_64-pokysdk-linux/usr/libexec/arm-poky-linux-musleabi/gcc/arm-poky-linux-musleabi/9.3.0/:/opt/azurespheresdk/Sysroots/12/tools/sysroots/x86_64-pokysdk-linux/usr/libexec/arm-poky-linux-musleabi/gcc/arm-poky-linux-musleabi/:/opt/azurespheresdk/Sysroots/12/tools/sysroots/x86_64-pokysdk-linux/usr/lib/arm-poky-linux-musleabi/gcc/arm-poky-linux-musleabi/9.3.0/:/opt/azurespheresdk/Sysroots/12/tools/sysroots/x86_64-pokysdk-linux/usr/lib/arm-poky-linux-musleabi/gcc/arm-poky-linux-musleabi/]
  ignore line: [LIBRARY_PATH=/opt/azurespheresdk/Sysroots/12/tools/sysroots/x86_64-pokysdk-linux/usr/bin/arm-poky-linux-musleabi/:/opt/azurespheresdk/Sysroots/12/tools/sysroots/x86_64-pokysdk-linux/usr/lib/arm-poky-linux-musleabi/gcc/arm-poky-linux-musleabi/9.3.0/:/opt/azurespheresdk/Sysroots/12/lib/:/opt/azurespheresdk/Sysroots/12/usr/lib/arm-poky-linux-musleabi/9.3.0/:/opt/azurespheresdk/Sysroots/12/usr/lib/]
  ignore line: [COLLECT_GCC_OPTIONS='--sysroot=/opt/azurespheresdk/Sysroots/12' '-D' '_POSIX_C_SOURCE' '-isystem' '/opt/azurespheresdk/Sysroots/12/usr/include' '-B' '/opt/azurespheresdk/Sysroots/12/tools/sysroots/x86_64-pokysdk-linux/usr/bin/arm-poky-linux-musleabi'  '-mthumb' '-mfpu=neon-vfpv4' '-mfloat-abi=hard' '-mcpu=cortex-a7' '-v' '-std=c11' '-Wstrict-prototypes' '-Wno-pointer-sign' '-fPIC' '-ffunction-sections' '-fdata-sections' '-fno-strict-aliasing' '-fno-omit-frame-pointer' '-fno-exceptions' '-Wall' '-Wswitch' '-Wempty-body' '-Wconversion' '-Wreturn-type' '-Wparentheses' '-Wformat=0' '-Wuninitialized' '-Wunused-function' '-Wunused-value' '-Wunused-variable' '-Werror=implicit-function-declaration' '-fstack-protector-strong' '-o' 'CMakeFiles/cmTC_26b27.dir/CMakeCCompilerABI.c.obj' '-c' '-mtls-dialect=gnu' '-march=armv7ve+simd']
  ignore line: [[2/2] Linking C static library libcmTC_26b27.a]
  ignore line: []
  ignore line: []
  implicit libs: []
  implicit dirs: []
  implicit fwks: []


